app/build/intermediates/manifest_merge_blame_file/debug/processDebugMainManifest/manifest-merger-blame-debug-report.txt
1<?xml version="1.0" encoding="utf-8"?>
2<manifest xmlns:android="http://schemas.android.com/apk/res/android"
3    package="com.milkman.dairyapp"
4    android:versionCode="1"
5    android:versionName="1.0" >
6
7    <uses-sdk
8        android:minSdkVersion="24"
9        android:targetSdkVersion="34" />
10
11    <uses-permission android:name="android.permission.INTERNET" />
11-->src\main\AndroidManifest.xml:4:5-67
11-->src\main\AndroidManifest.xml:4:22-64
12    <uses-permission android:name="android.permission.ACCESS_NETWORK_STATE" />
12-->src\main\AndroidManifest.xml:5:5-79
12-->src\main\AndroidManifest.xml:5:22-76
13
14    <permission
14-->[androidx.core:core:1.13.1] AndroidManifest.xml:22:5-24:47
15        android:name="com.milkman.dairyapp.DYNAMIC_RECEIVER_NOT_EXPORTED_PERMISSION"
15-->[androidx.core:core:1.13.1] AndroidManifest.xml:23:9-81
16        android:protectionLevel="signature" />
16-->[androidx.core:core:1.13.1] AndroidManifest.xml:24:9-44
17
18    <uses-permission android:name="com.milkman.dairyapp.DYNAMIC_RECEIVER_NOT_EXPORTED_PERMISSION" />
18-->[androidx.core:core:1.13.1] AndroidManifest.xml:26:5-97
18-->[androidx.core:core:1.13.1] AndroidManifest.xml:26:22-94
19
20    <application
20-->src\main\AndroidManifest.xml:7:5-40:19
21        android:name="com.milkman.dairyapp.DairyApp"
21-->src\main\AndroidManifest.xml:8:9-33
22        android:allowBackup="true"
22-->src\main\AndroidManifest.xml:9:9-35
23        android:appComponentFactory="androidx.core.app.CoreComponentFactory"
23-->[androidx.core:core:1.13.1] AndroidManifest.xml:28:18-86
24        android:debuggable="true"
25        android:extractNativeLibs="false"
26        android:icon="@drawable/ic_app_logo"
26-->src\main\AndroidManifest.xml:10:9-45
27        android:label="Milkman Dairy"
27-->src\main\AndroidManifest.xml:11:9-38
28        android:networkSecurityConfig="@xml/network_security_config"
28-->src\main\AndroidManifest.xml:14:9-69
29        android:supportsRtl="true"
29-->src\main\AndroidManifest.xml:12:9-35
30        android:theme="@style/Theme.MilkmanDairy" >
30-->src\main\AndroidManifest.xml:13:9-50
31        <activity android:name="com.milkman.dairyapp.ui.SuperUserProfileActivity" />
31-->src\main\AndroidManifest.xml:16:9-65
31-->src\main\AndroidManifest.xml:16:19-62
32        <activity android:name="com.milkman.dairyapp.ui.AdminDashboardActivity" />
32-->src\main\AndroidManifest.xml:17:9-63
32-->src\main\AndroidManifest.xml:17:19-60
33        <activity android:name="com.milkman.dairyapp.ui.CustomerDashboardActivity" />
33-->src\main\AndroidManifest.xml:18:9-66
33-->src\main\AndroidManifest.xml:18:19-63
34        <activity android:name="com.milkman.dairyapp.ui.AddBuyerActivity" />
34-->src\main\AndroidManifest.xml:19:9-57
34-->src\main\AndroidManifest.xml:19:19-54
35        <activity android:name="com.milkman.dairyapp.ui.SessionSummaryActivity" />
35-->src\main\AndroidManifest.xml:20:9-63
35-->src\main\AndroidManifest.xml:20:19-60
36        <activity android:name="com.milkman.dairyapp.ui.AuditLogActivity" />
36-->src\main\AndroidManifest.xml:21:9-57
36-->src\main\AndroidManifest.xml:21:19-54
37        <activity android:name="com.milkman.dairyapp.ui.ProfileActivity" />
37-->src\main\AndroidManifest.xml:22:9-56
37-->src\main\AndroidManifest.xml:22:19-53
38        <activity android:name="com.milkman.dairyapp.ui.MonthlyReportActivity" />
38-->src\main\AndroidManifest.xml:23:9-62
38-->src\main\AndroidManifest.xml:23:19-59
39        <activity android:name="com.milkman.dairyapp.ui.MilkHistoryActivity" />
39-->src\main\AndroidManifest.xml:24:9-60
39-->src\main\AndroidManifest.xml:24:19-57
40        <activity android:name="com.milkman.dairyapp.ui.AddMilkEntryActivity" />
40-->src\main\AndroidManifest.xml:25:9-61
40-->src\main\AndroidManifest.xml:25:19-58
41        <activity android:name="com.milkman.dairyapp.ui.CustomerListActivity" />
41-->src\main\AndroidManifest.xml:26:9-61
41-->src\main\AndroidManifest.xml:26:19-58
42        <activity android:name="com.milkman.dairyapp.ui.AddCustomerActivity" />
42-->src\main\AndroidManifest.xml:27:9-60
42-->src\main\AndroidManifest.xml:27:19-57
43        <activity android:name="com.milkman.dairyapp.ui.DashboardActivity" />
43-->src\main\AndroidManifest.xml:28:9-58
43-->src\main\AndroidManifest.xml:28:19-55
44        <activity
44-->src\main\AndroidManifest.xml:29:9-37:20
45            android:name="com.milkman.dairyapp.ui.LoginActivity"
45-->src\main\AndroidManifest.xml:30:13-45
46            android:exported="true" >
46-->src\main\AndroidManifest.xml:31:13-36
47            <intent-filter>
47-->src\main\AndroidManifest.xml:32:13-36:29
48                <action android:name="android.intent.action.MAIN" />
48-->src\main\AndroidManifest.xml:33:17-69
48-->src\main\AndroidManifest.xml:33:25-66
49
50                <category android:name="android.intent.category.LAUNCHER" />
50-->src\main\AndroidManifest.xml:35:17-77
50-->src\main\AndroidManifest.xml:35:27-74
51            </intent-filter>
52        </activity>
53
54        <service android:name="com.milkman.dairyapp.service.PeriodicSyncService" />
54-->src\main\AndroidManifest.xml:39:9-64
54-->src\main\AndroidManifest.xml:39:18-61
55
56        <provider
56-->[androidx.emoji2:emoji2:1.3.0] AndroidManifest.xml:24:9-32:20
57            android:name="androidx.startup.InitializationProvider"
57-->[androidx.emoji2:emoji2:1.3.0] AndroidManifest.xml:25:13-67
58            android:authorities="com.milkman.dairyapp.androidx-startup"
58-->[androidx.emoji2:emoji2:1.3.0] AndroidManifest.xml:26:13-68
59            android:exported="false" >
59-->[androidx.emoji2:emoji2:1.3.0] AndroidManifest.xml:27:13-37
60            <meta-data
60-->[androidx.emoji2:emoji2:1.3.0] AndroidManifest.xml:29:13-31:52
61                android:name="androidx.emoji2.text.EmojiCompatInitializer"
61-->[androidx.emoji2:emoji2:1.3.0] AndroidManifest.xml:30:17-75
62                android:value="androidx.startup" />
62-->[androidx.emoji2:emoji2:1.3.0] AndroidManifest.xml:31:17-49
63            <meta-data
63-->[androidx.lifecycle:lifecycle-process:2.8.4] AndroidManifest.xml:29:13-31:52
64                android:name="androidx.lifecycle.ProcessLifecycleInitializer"
64-->[androidx.lifecycle:lifecycle-process:2.8.4] AndroidManifest.xml:30:17-78
65                android:value="androidx.startup" />
65-->[androidx.lifecycle:lifecycle-process:2.8.4] AndroidManifest.xml:31:17-49
66            <meta-data
66-->[androidx.profileinstaller:profileinstaller:1.3.1] AndroidManifest.xml:29:13-31:52
67                android:name="androidx.profileinstaller.ProfileInstallerInitializer"
67-->[androidx.profileinstaller:profileinstaller:1.3.1] AndroidManifest.xml:30:17-85
68                android:value="androidx.startup" />
68-->[androidx.profileinstaller:profileinstaller:1.3.1] AndroidManifest.xml:31:17-49
69        </provider>
70
71        <service
71-->[androidx.room:room-runtime:2.6.1] AndroidManifest.xml:24:9-28:63
72            android:name="androidx.room.MultiInstanceInvalidationService"
72-->[androidx.room:room-runtime:2.6.1] AndroidManifest.xml:25:13-74
73            android:directBootAware="true"
73-->[androidx.room:room-runtime:2.6.1] AndroidManifest.xml:26:13-43
74            android:exported="false" />
74-->[androidx.room:room-runtime:2.6.1] AndroidManifest.xml:27:13-37
75
76        <receiver
76-->[androidx.profileinstaller:profileinstaller:1.3.1] AndroidManifest.xml:34:9-52:20
77            android:name="androidx.profileinstaller.ProfileInstallReceiver"
77-->[androidx.profileinstaller:profileinstaller:1.3.1] AndroidManifest.xml:35:13-76
78            android:directBootAware="false"
78-->[androidx.profileinstaller:profileinstaller:1.3.1] AndroidManifest.xml:36:13-44
79            android:enabled="true"
79-->[androidx.profileinstaller:profileinstaller:1.3.1] AndroidManifest.xml:37:13-35
80            android:exported="true"
80-->[androidx.profileinstaller:profileinstaller:1.3.1] AndroidManifest.xml:38:13-36
81            android:permission="android.permission.DUMP" >
81-->[androidx.profileinstaller:profileinstaller:1.3.1] AndroidManifest.xml:39:13-57
82            <intent-filter>
82-->[androidx.profileinstaller:profileinstaller:1.3.1] AndroidManifest.xml:40:13-42:29
83                <action android:name="androidx.profileinstaller.action.INSTALL_PROFILE" />
83-->[androidx.profileinstaller:profileinstaller:1.3.1] AndroidManifest.xml:41:17-91
83-->[androidx.profileinstaller:profileinstaller:1.3.1] AndroidManifest.xml:41:25-88
84            </intent-filter>
85            <intent-filter>
85-->[androidx.profileinstaller:profileinstaller:1.3.1] AndroidManifest.xml:43:13-45:29
86                <action android:name="androidx.profileinstaller.action.SKIP_FILE" />
86-->[androidx.profileinstaller:profileinstaller:1.3.1] AndroidManifest.xml:44:17-85
86-->[androidx.profileinstaller:profileinstaller:1.3.1] AndroidManifest.xml:44:25-82
87            </intent-filter>
88            <intent-filter>
88-->[androidx.profileinstaller:profileinstaller:1.3.1] AndroidManifest.xml:46:13-48:29
89                <action android:name="androidx.profileinstaller.action.SAVE_PROFILE" />
89-->[androidx.profileinstaller:profileinstaller:1.3.1] AndroidManifest.xml:47:17-88
89-->[androidx.profileinstaller:profileinstaller:1.3.1] AndroidManifest.xml:47:25-85
90            </intent-filter>
91            <intent-filter>
91-->[androidx.profileinstaller:profileinstaller:1.3.1] AndroidManifest.xml:49:13-51:29
92                <action android:name="androidx.profileinstaller.action.BENCHMARK_OPERATION" />
92-->[androidx.profileinstaller:profileinstaller:1.3.1] AndroidManifest.xml:50:17-95
92-->[androidx.profileinstaller:profileinstaller:1.3.1] AndroidManifest.xml:50:25-92
93            </intent-filter>
94        </receiver>
95    </application>
96
97</manifest>